Arguments: 
  /Users/joe/.nvm/versions/node/v12.1.0/bin/node /usr/local/bin/yarn watch

PATH: 
  /Users/joe/.pyenv/shims:/Users/joe/PROJECTS/python/blackjack/venv/bin:/Users/joe/.pyenv/shims:/Users/joe/.pyenv/shims:/Users/joe/.nvm/versions/node/v12.1.0/bin:/usr/local/bin:/usr/bin:/bin:/usr/sbin:/sbin:/usr/local/opt/fzf/bin

Yarn version: 
  1.5.1

Node version: 
  12.1.0

Platform: 
  darwin x64

npm manifest: 
  No manifest

yarn manifest: 
  No manifest

Lockfile: 
  No lockfile

Trace: 
  Error: Couldn't find a package.json file in "/Users/joe/PROJECTS/python/blackjack"
      at new MessageError (/usr/local/lib/node_modules/yarn/lib/cli.js:186:110)
      at /usr/local/lib/node_modules/yarn/lib/cli.js:40048:15
      at Generator.next (<anonymous>)
      at step (/usr/local/lib/node_modules/yarn/lib/cli.js:98:30)
      at /usr/local/lib/node_modules/yarn/lib/cli.js:109:13
